<?xml version="1.0" encoding="UTF-8"?>
<!-- Generated by org.testng.reporters.JUnitXMLReporter -->
<testsuite ignored="0" hostname="ShreeRam" failures="1" tests="4" name="Error Validation Test" time="21.875" errors="0" timestamp="2024-11-11T16:28:02 IST">
  <testcase classname="learning.ErrorValidationTest" name="loginErrorValidation" time="4.017">
    <skipped/>
  </testcase> <!-- loginErrorValidation -->
  <testcase classname="learning.ErrorValidationTest" name="loginErrorValidation" time="0.604">
    <skipped/>
  </testcase> <!-- loginErrorValidation -->
  <testcase classname="learning.ErrorValidationTest" name="loginErrorValidation" time="0.621">
    <failure type="java.lang.AssertionError" message="expected [Incorrect email or password.] but found [Incorrect email or password]">
      <![CDATA[java.lang.AssertionError: expected [Incorrect email or password.] but found [Incorrect email or password]
at learning.ErrorValidationTest.loginErrorValidation(ErrorValidationTest.java:23)
at java.base/java.util.ArrayList.forEach(ArrayList.java:1511)
at java.base/java.util.concurrent.FutureTask.run(FutureTask.java:264)
at java.base/java.util.concurrent.ThreadPoolExecutor.runWorker(ThreadPoolExecutor.java:1136)
at java.base/java.util.concurrent.ThreadPoolExecutor$Worker.run(ThreadPoolExecutor.java:635)
at java.base/java.lang.Thread.run(Thread.java:840)
... Removed 23 stack frames]]>
    </failure>
  </testcase> <!-- loginErrorValidation -->
  <testcase classname="learning.ErrorValidationTest" name="productErrorValidation" time="4.121"/>
</testsuite> <!-- Error Validation Test -->
