<?xml version="1.0" encoding="UTF-8"?>
<!-- Generated by org.testng.reporters.JUnitXMLReporter -->
<testsuite ignored="0" hostname="ShreeRam" failures="0" tests="4" name="Submit Order Test" time="25.293" errors="0" timestamp="2024-11-11T16:28:04 IST">
  <testcase classname="learning.SubmitOrderTest" name="OrderSubmit" time="7.473"/>
  <testcase classname="learning.SubmitOrderTest" name="OrderSubmit" time="5.367"/>
  <testcase classname="learning.SubmitOrderTest" name="checkOrder" time="1.01"/>
  <testcase classname="learning.SubmitOrderTest" name="checkOrder" time="0.777"/>
</testsuite> <!-- Submit Order Test -->
