<?xml version="1.0" encoding="UTF-8"?>
<!-- Generated by org.testng.reporters.JUnitXMLReporter -->
<testsuite ignored="1" hostname="ShreeRam" failures="0" tests="1" name="Error Validation Test" time="7.182" errors="0" timestamp="2024-12-01T20:05:13 IST">
  <testcase classname="learning.ErrorValidationTest" name="loginErrorValidation" time="0.894"/>
  <testcase classname="learning.ErrorValidationTest" name="productErrorValidation" time="0.0">
    <ignored/>
  </testcase> <!-- productErrorValidation -->
</testsuite> <!-- Error Validation Test -->
