<?xml version="1.0" encoding="UTF-8"?>
<testng-results ignored="0" total="1" passed="1" failed="0" skipped="0">
  <reporter-output>
  </reporter-output>
  <suite started-at="2024-12-01T20:05:05 IST" name="Suite" finished-at="2024-12-01T20:05:13 IST" duration-ms="7891">
    <groups>
      <group name="ErrorHandling">
        <method signature="ErrorValidationTest.loginErrorValidation()[pri:0, instance:learning.ErrorValidationTest@1df8da7a]" name="loginErrorValidation" class="learning.ErrorValidationTest"/>
      </group> <!-- ErrorHandling -->
    </groups>
    <test started-at="2024-12-01T20:05:05 IST" name="Submit Order Test" finished-at="2024-12-01T20:05:05 IST" duration-ms="19">
    </test> <!-- Submit Order Test -->
    <test started-at="2024-12-01T20:05:05 IST" name="Error Validation Test" finished-at="2024-12-01T20:05:13 IST" duration-ms="7182">
      <class name="learning.ErrorValidationTest">
        <test-method is-config="true" signature="LaunchWebsite()[pri:0, instance:learning.ErrorValidationTest@1df8da7a]" started-at="2024-12-01T20:05:06 IST" name="LaunchWebsite" finished-at="2024-12-01T20:05:12 IST" duration-ms="6018" status="PASS">
          <reporter-output>
          </reporter-output>
        </test-method> <!-- LaunchWebsite -->
        <test-method signature="loginErrorValidation()[pri:0, instance:learning.ErrorValidationTest@1df8da7a]" started-at="2024-12-01T20:05:12 IST" name="loginErrorValidation" finished-at="2024-12-01T20:05:12 IST" duration-ms="894" status="PASS">
          <reporter-output>
          </reporter-output>
        </test-method> <!-- loginErrorValidation -->
        <test-method is-config="true" signature="quit()[pri:0, instance:learning.ErrorValidationTest@1df8da7a]" started-at="2024-12-01T20:05:12 IST" name="quit" finished-at="2024-12-01T20:05:13 IST" duration-ms="209" status="PASS">
          <reporter-output>
          </reporter-output>
        </test-method> <!-- quit -->
      </class> <!-- learning.ErrorValidationTest -->
    </test> <!-- Error Validation Test -->
  </suite> <!-- Suite -->
</testng-results>
